0 info it worked if it ends with ok
1 verbose cli [ '/usr/local/bin/node', '/usr/local/bin/npm', 'link' ]
2 info using npm@1.4.9
3 info using node@v0.10.28
4 verbose linkPkg /home/kartwheel/Documents/svs-code/svs-mock-servers
5 verbose link build target /usr/local/lib/node_modules/svs-mock-servers
6 verbose install where,what [ '/home/kartwheel/Documents/svs-code/svs-mock-servers', [] ]
7 verbose readDependencies using package.json deps
8 verbose install where, deps [ '/home/kartwheel/Documents/svs-code/svs-mock-servers',
8 verbose install   [ 'async-each',
8 verbose install     'concat-stream',
8 verbose install     'faker',
8 verbose install     'minimist',
8 verbose install     'svs-crm',
8 verbose install     'svs-mba',
8 verbose install     'uuid' ] ]
9 info preinstall svs-mock-servers@0.0.0
10 verbose readDependencies using package.json deps
11 verbose cache add [ 'async-each@^0.1.6', null ]
12 verbose cache add name=undefined spec="async-each@^0.1.6" args=["async-each@^0.1.6",null]
13 verbose parsed url { protocol: null,
13 verbose parsed url   slashes: null,
13 verbose parsed url   auth: null,
13 verbose parsed url   host: null,
13 verbose parsed url   port: null,
13 verbose parsed url   hostname: null,
13 verbose parsed url   hash: null,
13 verbose parsed url   search: null,
13 verbose parsed url   query: null,
13 verbose parsed url   pathname: 'async-each@^0.1.6',
13 verbose parsed url   path: 'async-each@^0.1.6',
13 verbose parsed url   href: 'async-each@^0.1.6' }
14 verbose cache add name="async-each" spec="^0.1.6" args=["async-each","^0.1.6"]
15 verbose parsed url { protocol: null,
15 verbose parsed url   slashes: null,
15 verbose parsed url   auth: null,
15 verbose parsed url   host: null,
15 verbose parsed url   port: null,
15 verbose parsed url   hostname: null,
15 verbose parsed url   hash: null,
15 verbose parsed url   search: null,
15 verbose parsed url   query: null,
15 verbose parsed url   pathname: '^0.1.6',
15 verbose parsed url   path: '^0.1.6',
15 verbose parsed url   href: '^0.1.6' }
16 verbose addNamed [ 'async-each', '^0.1.6' ]
17 verbose addNamed [ null, '>=0.1.6-0 <0.2.0-0' ]
18 verbose cache add [ 'concat-stream@^1.4.7', null ]
19 verbose cache add name=undefined spec="concat-stream@^1.4.7" args=["concat-stream@^1.4.7",null]
20 verbose parsed url { protocol: null,
20 verbose parsed url   slashes: null,
20 verbose parsed url   auth: null,
20 verbose parsed url   host: null,
20 verbose parsed url   port: null,
20 verbose parsed url   hostname: null,
20 verbose parsed url   hash: null,
20 verbose parsed url   search: null,
20 verbose parsed url   query: null,
20 verbose parsed url   pathname: 'concat-stream@^1.4.7',
20 verbose parsed url   path: 'concat-stream@^1.4.7',
20 verbose parsed url   href: 'concat-stream@^1.4.7' }
21 verbose cache add name="concat-stream" spec="^1.4.7" args=["concat-stream","^1.4.7"]
22 verbose parsed url { protocol: null,
22 verbose parsed url   slashes: null,
22 verbose parsed url   auth: null,
22 verbose parsed url   host: null,
22 verbose parsed url   port: null,
22 verbose parsed url   hostname: null,
22 verbose parsed url   hash: null,
22 verbose parsed url   search: null,
22 verbose parsed url   query: null,
22 verbose parsed url   pathname: '^1.4.7',
22 verbose parsed url   path: '^1.4.7',
22 verbose parsed url   href: '^1.4.7' }
23 verbose addNamed [ 'concat-stream', '^1.4.7' ]
24 verbose addNamed [ null, '>=1.4.7-0 <2.0.0-0' ]
25 silly lockFile e6db28c6-async-each-0-1-6 async-each@^0.1.6
26 verbose lock async-each@^0.1.6 /home/kartwheel/.npm/e6db28c6-async-each-0-1-6.lock
27 silly lockFile b28e5052-concat-stream-1-4-7 concat-stream@^1.4.7
28 verbose lock concat-stream@^1.4.7 /home/kartwheel/.npm/b28e5052-concat-stream-1-4-7.lock
29 verbose cache add [ 'minimist@^1.1.0', null ]
30 verbose cache add name=undefined spec="minimist@^1.1.0" args=["minimist@^1.1.0",null]
31 verbose parsed url { protocol: null,
31 verbose parsed url   slashes: null,
31 verbose parsed url   auth: null,
31 verbose parsed url   host: null,
31 verbose parsed url   port: null,
31 verbose parsed url   hostname: null,
31 verbose parsed url   hash: null,
31 verbose parsed url   search: null,
31 verbose parsed url   query: null,
31 verbose parsed url   pathname: 'minimist@^1.1.0',
31 verbose parsed url   path: 'minimist@^1.1.0',
31 verbose parsed url   href: 'minimist@^1.1.0' }
32 verbose cache add name="minimist" spec="^1.1.0" args=["minimist","^1.1.0"]
33 verbose parsed url { protocol: null,
33 verbose parsed url   slashes: null,
33 verbose parsed url   auth: null,
33 verbose parsed url   host: null,
33 verbose parsed url   port: null,
33 verbose parsed url   hostname: null,
33 verbose parsed url   hash: null,
33 verbose parsed url   search: null,
33 verbose parsed url   query: null,
33 verbose parsed url   pathname: '^1.1.0',
33 verbose parsed url   path: '^1.1.0',
33 verbose parsed url   href: '^1.1.0' }
34 verbose addNamed [ 'minimist', '^1.1.0' ]
35 verbose addNamed [ null, '>=1.1.0-0 <2.0.0-0' ]
36 silly lockFile b7cda548-minimist-1-1-0 minimist@^1.1.0
37 verbose lock minimist@^1.1.0 /home/kartwheel/.npm/b7cda548-minimist-1-1-0.lock
38 verbose cache add [ 'faker@^2.1.2', null ]
39 verbose cache add name=undefined spec="faker@^2.1.2" args=["faker@^2.1.2",null]
40 verbose parsed url { protocol: null,
40 verbose parsed url   slashes: null,
40 verbose parsed url   auth: null,
40 verbose parsed url   host: null,
40 verbose parsed url   port: null,
40 verbose parsed url   hostname: null,
40 verbose parsed url   hash: null,
40 verbose parsed url   search: null,
40 verbose parsed url   query: null,
40 verbose parsed url   pathname: 'faker@^2.1.2',
40 verbose parsed url   path: 'faker@^2.1.2',
40 verbose parsed url   href: 'faker@^2.1.2' }
41 verbose cache add name="faker" spec="^2.1.2" args=["faker","^2.1.2"]
42 verbose parsed url { protocol: null,
42 verbose parsed url   slashes: null,
42 verbose parsed url   auth: null,
42 verbose parsed url   host: null,
42 verbose parsed url   port: null,
42 verbose parsed url   hostname: null,
42 verbose parsed url   hash: null,
42 verbose parsed url   search: null,
42 verbose parsed url   query: null,
42 verbose parsed url   pathname: '^2.1.2',
42 verbose parsed url   path: '^2.1.2',
42 verbose parsed url   href: '^2.1.2' }
43 verbose addNamed [ 'faker', '^2.1.2' ]
44 verbose addNamed [ null, '>=2.1.2-0 <3.0.0-0' ]
45 silly lockFile f1e10614-faker-2-1-2 faker@^2.1.2
46 verbose lock faker@^2.1.2 /home/kartwheel/.npm/f1e10614-faker-2-1-2.lock
47 verbose cache add [ 'svs-crm@git+ssh://git@github.com:tableflip/svs-crm.git#v1.1.2',
47 verbose cache add   null ]
48 verbose cache add name=undefined spec="svs-crm@git+ssh://git@github.com:tableflip/svs-crm.git#v1.1.2" args=["svs-crm@git+ssh://git@github.com:tableflip/svs-crm.git#v1.1.2",null]
49 verbose parsed url { protocol: null,
49 verbose parsed url   slashes: null,
49 verbose parsed url   auth: null,
49 verbose parsed url   host: null,
49 verbose parsed url   port: null,
49 verbose parsed url   hostname: null,
49 verbose parsed url   hash: '#v1.1.2',
49 verbose parsed url   search: null,
49 verbose parsed url   query: null,
49 verbose parsed url   pathname: 'svs-crm@git+ssh://git@github.com:tableflip/svs-crm.git',
49 verbose parsed url   path: 'svs-crm@git+ssh://git@github.com:tableflip/svs-crm.git',
49 verbose parsed url   href: 'svs-crm@git+ssh://git@github.com:tableflip/svs-crm.git#v1.1.2' }
50 verbose cache add [ 'svs-mba@git+ssh://git@github.com:tableflip/svs-mba.git#v1.0.4',
50 verbose cache add   null ]
51 verbose cache add name=undefined spec="svs-mba@git+ssh://git@github.com:tableflip/svs-mba.git#v1.0.4" args=["svs-mba@git+ssh://git@github.com:tableflip/svs-mba.git#v1.0.4",null]
52 verbose parsed url { protocol: null,
52 verbose parsed url   slashes: null,
52 verbose parsed url   auth: null,
52 verbose parsed url   host: null,
52 verbose parsed url   port: null,
52 verbose parsed url   hostname: null,
52 verbose parsed url   hash: '#v1.0.4',
52 verbose parsed url   search: null,
52 verbose parsed url   query: null,
52 verbose parsed url   pathname: 'svs-mba@git+ssh://git@github.com:tableflip/svs-mba.git',
52 verbose parsed url   path: 'svs-mba@git+ssh://git@github.com:tableflip/svs-mba.git',
52 verbose parsed url   href: 'svs-mba@git+ssh://git@github.com:tableflip/svs-mba.git#v1.0.4' }
53 verbose cache add [ 'uuid@^2.0.1', null ]
54 verbose cache add name=undefined spec="uuid@^2.0.1" args=["uuid@^2.0.1",null]
55 verbose parsed url { protocol: null,
55 verbose parsed url   slashes: null,
55 verbose parsed url   auth: null,
55 verbose parsed url   host: null,
55 verbose parsed url   port: null,
55 verbose parsed url   hostname: null,
55 verbose parsed url   hash: null,
55 verbose parsed url   search: null,
55 verbose parsed url   query: null,
55 verbose parsed url   pathname: 'uuid@^2.0.1',
55 verbose parsed url   path: 'uuid@^2.0.1',
55 verbose parsed url   href: 'uuid@^2.0.1' }
56 verbose cache add name="uuid" spec="^2.0.1" args=["uuid","^2.0.1"]
57 verbose parsed url { protocol: null,
57 verbose parsed url   slashes: null,
57 verbose parsed url   auth: null,
57 verbose parsed url   host: null,
57 verbose parsed url   port: null,
57 verbose parsed url   hostname: null,
57 verbose parsed url   hash: null,
57 verbose parsed url   search: null,
57 verbose parsed url   query: null,
57 verbose parsed url   pathname: '^2.0.1',
57 verbose parsed url   path: '^2.0.1',
57 verbose parsed url   href: '^2.0.1' }
58 verbose addNamed [ 'uuid', '^2.0.1' ]
59 verbose addNamed [ null, '>=2.0.1-0 <3.0.0-0' ]
60 silly lockFile 46292d1f-uuid-2-0-1 uuid@^2.0.1
61 verbose lock uuid@^2.0.1 /home/kartwheel/.npm/46292d1f-uuid-2-0-1.lock
62 verbose cache add name="svs-crm" spec="git+ssh://git@github.com:tableflip/svs-crm.git#v1.1.2" args=["svs-crm","git+ssh://git@github.com:tableflip/svs-crm.git#v1.1.2"]
63 verbose parsed url { protocol: 'git+ssh:',
63 verbose parsed url   slashes: true,
63 verbose parsed url   auth: 'git',
63 verbose parsed url   host: 'github.com',
63 verbose parsed url   port: null,
63 verbose parsed url   hostname: 'github.com',
63 verbose parsed url   hash: '#v1.1.2',
63 verbose parsed url   search: null,
63 verbose parsed url   query: null,
63 verbose parsed url   pathname: '/:tableflip/svs-crm.git',
63 verbose parsed url   path: '/:tableflip/svs-crm.git',
63 verbose parsed url   href: 'git+ssh://git@github.com/:tableflip/svs-crm.git#v1.1.2' }
64 silly lockFile 8cb6e59b-github-com-tableflip-svs-crm-git git@github.com:tableflip/svs-crm.git
65 verbose lock git@github.com:tableflip/svs-crm.git /home/kartwheel/.npm/8cb6e59b-github-com-tableflip-svs-crm-git.lock
66 verbose cache add name="svs-mba" spec="git+ssh://git@github.com:tableflip/svs-mba.git#v1.0.4" args=["svs-mba","git+ssh://git@github.com:tableflip/svs-mba.git#v1.0.4"]
67 verbose parsed url { protocol: 'git+ssh:',
67 verbose parsed url   slashes: true,
67 verbose parsed url   auth: 'git',
67 verbose parsed url   host: 'github.com',
67 verbose parsed url   port: null,
67 verbose parsed url   hostname: 'github.com',
67 verbose parsed url   hash: '#v1.0.4',
67 verbose parsed url   search: null,
67 verbose parsed url   query: null,
67 verbose parsed url   pathname: '/:tableflip/svs-mba.git',
67 verbose parsed url   path: '/:tableflip/svs-mba.git',
67 verbose parsed url   href: 'git+ssh://git@github.com/:tableflip/svs-mba.git#v1.0.4' }
68 silly lockFile 606ccad4-github-com-tableflip-svs-mba-git git@github.com:tableflip/svs-mba.git
69 verbose lock git@github.com:tableflip/svs-mba.git /home/kartwheel/.npm/606ccad4-github-com-tableflip-svs-mba-git.lock
70 silly addNameRange { name: 'async-each',
70 silly addNameRange   range: '>=0.1.6-0 <0.2.0-0',
70 silly addNameRange   hasData: false }
71 silly addNameRange { name: 'uuid', range: '>=2.0.1-0 <3.0.0-0', hasData: false }
72 verbose addRemoteGit [ 'git@github.com:tableflip/svs-crm.git', 'v1.1.2' ]
73 verbose addRemoteGit [ 'git@github.com:tableflip/svs-mba.git', 'v1.0.4' ]
74 silly addNameRange { name: 'concat-stream',
74 silly addNameRange   range: '>=1.4.7-0 <2.0.0-0',
74 silly addNameRange   hasData: false }
75 silly addNameRange { name: 'minimist', range: '>=1.1.0-0 <2.0.0-0', hasData: false }
76 silly addNameRange { name: 'faker', range: '>=2.1.2-0 <3.0.0-0', hasData: false }
77 verbose url raw async-each
78 verbose url resolving [ 'https://registry.npmjs.org/', './async-each' ]
79 verbose url resolved https://registry.npmjs.org/async-each
80 info trying registry request attempt 1 at 18:25:50
81 verbose etag "11HX3XF6IO25WGQUQUOHH5REL"
82 http GET https://registry.npmjs.org/async-each
83 verbose url raw uuid
84 verbose url resolving [ 'https://registry.npmjs.org/', './uuid' ]
85 verbose url resolved https://registry.npmjs.org/uuid
86 info trying registry request attempt 1 at 18:25:51
87 verbose etag "18A4FTWSKZDAOZQ7VM4O6HLHN"
88 http GET https://registry.npmjs.org/uuid
89 verbose url raw minimist
90 verbose url resolving [ 'https://registry.npmjs.org/', './minimist' ]
91 verbose url resolved https://registry.npmjs.org/minimist
92 info trying registry request attempt 1 at 18:25:51
93 verbose etag "DIRC3OTOCX3E6AF5R6189CHS8"
94 http GET https://registry.npmjs.org/minimist
95 verbose url raw concat-stream
96 verbose url resolving [ 'https://registry.npmjs.org/', './concat-stream' ]
97 verbose url resolved https://registry.npmjs.org/concat-stream
98 info trying registry request attempt 1 at 18:25:51
99 verbose etag "4EQBU7664CZQGBV6DMSFJ8N0O"
100 http GET https://registry.npmjs.org/concat-stream
101 verbose url raw faker
102 verbose url resolving [ 'https://registry.npmjs.org/', './faker' ]
103 verbose url resolved https://registry.npmjs.org/faker
104 info trying registry request attempt 1 at 18:25:51
105 verbose etag "8UFHXBJ9UI22BHVCI3N0KJS54"
106 http GET https://registry.npmjs.org/faker
107 http 304 https://registry.npmjs.org/faker
108 silly registry.get cb [ 304,
108 silly registry.get   { date: 'Tue, 08 Dec 2015 12:55:53 GMT',
108 silly registry.get     via: '1.1 varnish',
108 silly registry.get     'cache-control': 'max-age=60',
108 silly registry.get     etag: '"8UFHXBJ9UI22BHVCI3N0KJS54"',
108 silly registry.get     age: '36',
108 silly registry.get     connection: 'keep-alive',
108 silly registry.get     'x-served-by': 'cache-sin6927-SIN',
108 silly registry.get     'x-cache': 'HIT',
108 silly registry.get     'x-cache-hits': '2',
108 silly registry.get     'x-timer': 'S1449579353.842853,VS0,VE0',
108 silly registry.get     vary: 'Accept' } ]
109 verbose etag faker from cache
110 http 304 https://registry.npmjs.org/uuid
111 silly registry.get cb [ 304,
111 silly registry.get   { date: 'Tue, 08 Dec 2015 12:55:53 GMT',
111 silly registry.get     via: '1.1 varnish',
111 silly registry.get     'cache-control': 'max-age=60',
111 silly registry.get     etag: '"18A4FTWSKZDAOZQ7VM4O6HLHN"',
111 silly registry.get     age: '21',
111 silly registry.get     connection: 'keep-alive',
111 silly registry.get     'x-served-by': 'cache-lhr6329-LHR',
111 silly registry.get     'x-cache': 'HIT',
111 silly registry.get     'x-cache-hits': '2',
111 silly registry.get     'x-timer': 'S1449579353.948546,VS0,VE0',
111 silly registry.get     vary: 'Accept' } ]
112 verbose etag uuid from cache
113 silly addNameRange number 2 { name: 'faker', range: '>=2.1.2-0 <3.0.0-0', hasData: true }
114 silly addNameRange versions [ 'faker',
114 silly addNameRange   [ '1.0.0',
114 silly addNameRange     '1.0.1',
114 silly addNameRange     '1.1.0',
114 silly addNameRange     '2.0.0',
114 silly addNameRange     '2.0.1',
114 silly addNameRange     '2.0.2',
114 silly addNameRange     '2.0.3',
114 silly addNameRange     '2.1.0',
114 silly addNameRange     '2.1.1',
114 silly addNameRange     '2.1.2',
114 silly addNameRange     '2.1.3',
114 silly addNameRange     '2.1.4',
114 silly addNameRange     '2.1.5',
114 silly addNameRange     '3.0.0',
114 silly addNameRange     '3.0.1' ] ]
115 verbose addNamed [ 'faker', '2.1.5' ]
116 verbose addNamed [ '2.1.5', '2.1.5' ]
117 silly lockFile 13bb8d58-faker-2-1-5 faker@2.1.5
118 verbose lock faker@2.1.5 /home/kartwheel/.npm/13bb8d58-faker-2-1-5.lock
119 silly addNameRange number 2 { name: 'uuid', range: '>=2.0.1-0 <3.0.0-0', hasData: true }
120 silly addNameRange versions [ 'uuid',
120 silly addNameRange   [ '0.0.1', '0.0.2', '1.4.0', '1.4.1', '1.4.2', '2.0.0', '2.0.1' ] ]
121 verbose addNamed [ 'uuid', '2.0.1' ]
122 verbose addNamed [ '2.0.1', '2.0.1' ]
123 silly lockFile 07c25d2d-uuid-2-0-1 uuid@2.0.1
124 verbose lock uuid@2.0.1 /home/kartwheel/.npm/07c25d2d-uuid-2-0-1.lock
125 http 304 https://registry.npmjs.org/concat-stream
126 silly registry.get cb [ 304,
126 silly registry.get   { date: 'Tue, 08 Dec 2015 12:55:53 GMT',
126 silly registry.get     via: '1.1 varnish',
126 silly registry.get     'cache-control': 'max-age=60',
126 silly registry.get     etag: '"4EQBU7664CZQGBV6DMSFJ8N0O"',
126 silly registry.get     age: '40',
126 silly registry.get     connection: 'keep-alive',
126 silly registry.get     'x-served-by': 'cache-sin6924-SIN',
126 silly registry.get     'x-cache': 'HIT',
126 silly registry.get     'x-cache-hits': '15',
126 silly registry.get     'x-timer': 'S1449579353.946772,VS0,VE0',
126 silly registry.get     vary: 'Accept' } ]
127 verbose etag concat-stream from cache
128 silly addNameRange number 2 { name: 'concat-stream',
128 silly addNameRange   range: '>=1.4.7-0 <2.0.0-0',
128 silly addNameRange   hasData: true }
129 silly addNameRange versions [ 'concat-stream',
129 silly addNameRange   [ '0.0.1',
129 silly addNameRange     '0.0.2',
129 silly addNameRange     '0.0.3',
129 silly addNameRange     '0.0.4',
129 silly addNameRange     '0.0.5',
129 silly addNameRange     '0.0.6',
129 silly addNameRange     '0.0.7',
129 silly addNameRange     '0.0.8',
129 silly addNameRange     '0.0.9',
129 silly addNameRange     '0.1.0',
129 silly addNameRange     '0.1.1',
129 silly addNameRange     '1.0.0',
129 silly addNameRange     '1.0.1',
129 silly addNameRange     '1.1.0',
129 silly addNameRange     '1.2.0',
129 silly addNameRange     '1.2.1',
129 silly addNameRange     '1.3.0',
129 silly addNameRange     '1.3.1',
129 silly addNameRange     '1.4.0',
129 silly addNameRange     '1.4.1',
129 silly addNameRange     '1.4.2',
129 silly addNameRange     '1.4.3',
129 silly addNameRange     '1.4.4',
129 silly addNameRange     '1.4.5',
129 silly addNameRange     '1.4.6',
129 silly addNameRange     '1.4.7',
129 silly addNameRange     '1.4.8',
129 silly addNameRange     '1.4.10',
129 silly addNameRange     '1.5.0',
129 silly addNameRange     '1.5.1' ] ]
130 verbose addNamed [ 'concat-stream', '1.5.1' ]
131 verbose addNamed [ '1.5.1', '1.5.1' ]
132 silly lockFile 1a94dddf-concat-stream-1-5-1 concat-stream@1.5.1
133 verbose lock concat-stream@1.5.1 /home/kartwheel/.npm/1a94dddf-concat-stream-1-5-1.lock
134 http 304 https://registry.npmjs.org/minimist
135 silly registry.get cb [ 304,
135 silly registry.get   { date: 'Tue, 08 Dec 2015 12:55:53 GMT',
135 silly registry.get     via: '1.1 varnish',
135 silly registry.get     'cache-control': 'max-age=60',
135 silly registry.get     etag: '"DIRC3OTOCX3E6AF5R6189CHS8"',
135 silly registry.get     age: '42',
135 silly registry.get     connection: 'keep-alive',
135 silly registry.get     'x-served-by': 'cache-sin6920-SIN',
135 silly registry.get     'x-cache': 'HIT',
135 silly registry.get     'x-cache-hits': '5',
135 silly registry.get     'x-timer': 'S1449579353.953782,VS0,VE0',
135 silly registry.get     vary: 'Accept' } ]
136 verbose etag minimist from cache
137 silly addNameRange number 2 { name: 'minimist', range: '>=1.1.0-0 <2.0.0-0', hasData: true }
138 silly addNameRange versions [ 'minimist',
138 silly addNameRange   [ '0.0.0',
138 silly addNameRange     '0.0.1',
138 silly addNameRange     '0.0.2',
138 silly addNameRange     '0.0.3',
138 silly addNameRange     '0.0.4',
138 silly addNameRange     '0.0.5',
138 silly addNameRange     '0.0.6',
138 silly addNameRange     '0.0.7',
138 silly addNameRange     '0.0.8',
138 silly addNameRange     '0.0.9',
138 silly addNameRange     '0.0.10',
138 silly addNameRange     '0.1.0',
138 silly addNameRange     '0.2.0',
138 silly addNameRange     '1.0.0',
138 silly addNameRange     '1.1.0',
138 silly addNameRange     '1.1.1',
138 silly addNameRange     '1.1.2',
138 silly addNameRange     '1.1.3',
138 silly addNameRange     '1.2.0' ] ]
139 verbose addNamed [ 'minimist', '1.2.0' ]
140 verbose addNamed [ '1.2.0', '1.2.0' ]
141 silly lockFile 36eb7fe6-minimist-1-2-0 minimist@1.2.0
142 verbose lock minimist@1.2.0 /home/kartwheel/.npm/36eb7fe6-minimist-1-2-0.lock
143 silly lockFile 07c25d2d-uuid-2-0-1 uuid@2.0.1
144 silly lockFile 07c25d2d-uuid-2-0-1 uuid@2.0.1
145 silly lockFile 46292d1f-uuid-2-0-1 uuid@^2.0.1
146 silly lockFile 46292d1f-uuid-2-0-1 uuid@^2.0.1
147 silly lockFile 13bb8d58-faker-2-1-5 faker@2.1.5
148 silly lockFile 13bb8d58-faker-2-1-5 faker@2.1.5
149 silly lockFile f1e10614-faker-2-1-2 faker@^2.1.2
150 silly lockFile f1e10614-faker-2-1-2 faker@^2.1.2
151 silly lockFile 36eb7fe6-minimist-1-2-0 minimist@1.2.0
152 silly lockFile 36eb7fe6-minimist-1-2-0 minimist@1.2.0
153 silly lockFile b7cda548-minimist-1-1-0 minimist@^1.1.0
154 silly lockFile b7cda548-minimist-1-1-0 minimist@^1.1.0
155 silly lockFile 1a94dddf-concat-stream-1-5-1 concat-stream@1.5.1
156 silly lockFile 1a94dddf-concat-stream-1-5-1 concat-stream@1.5.1
157 silly lockFile b28e5052-concat-stream-1-4-7 concat-stream@^1.4.7
158 silly lockFile b28e5052-concat-stream-1-4-7 concat-stream@^1.4.7
159 http 304 https://registry.npmjs.org/async-each
160 silly registry.get cb [ 304,
160 silly registry.get   { date: 'Tue, 08 Dec 2015 12:55:53 GMT',
160 silly registry.get     via: '1.1 varnish',
160 silly registry.get     'cache-control': 'max-age=60',
160 silly registry.get     etag: '"11HX3XF6IO25WGQUQUOHH5REL"',
160 silly registry.get     age: '0',
160 silly registry.get     connection: 'keep-alive',
160 silly registry.get     'x-served-by': 'cache-sin6924-SIN',
160 silly registry.get     'x-cache': 'HIT',
160 silly registry.get     'x-cache-hits': '1',
160 silly registry.get     'x-timer': 'S1449579353.828015,VS0,VE419',
160 silly registry.get     vary: 'Accept' } ]
161 verbose etag async-each from cache
162 silly addNameRange number 2 { name: 'async-each',
162 silly addNameRange   range: '>=0.1.6-0 <0.2.0-0',
162 silly addNameRange   hasData: true }
163 silly addNameRange versions [ 'async-each',
163 silly addNameRange   [ '0.1.0',
163 silly addNameRange     '0.1.1',
163 silly addNameRange     '0.1.2',
163 silly addNameRange     '0.1.3',
163 silly addNameRange     '0.1.4',
163 silly addNameRange     '0.1.5',
163 silly addNameRange     '0.1.6',
163 silly addNameRange     '1.0.0' ] ]
164 verbose addNamed [ 'async-each', '0.1.6' ]
165 verbose addNamed [ '0.1.6', '0.1.6' ]
166 silly lockFile bdc1c6db-async-each-0-1-6 async-each@0.1.6
167 verbose lock async-each@0.1.6 /home/kartwheel/.npm/bdc1c6db-async-each-0-1-6.lock
168 silly lockFile bdc1c6db-async-each-0-1-6 async-each@0.1.6
169 silly lockFile bdc1c6db-async-each-0-1-6 async-each@0.1.6
170 silly lockFile e6db28c6-async-each-0-1-6 async-each@^0.1.6
171 silly lockFile e6db28c6-async-each-0-1-6 async-each@^0.1.6
172 error git clone git@github.com:tableflip/svs-mba.git Cloning into bare repository '/home/kartwheel/.npm/_git-remotes/git-github-com-tableflip-svs-mba-git-606ccad4'...
172 error git clone git@github.com:tableflip/svs-mba.git Permission denied (publickey).
172 error git clone git@github.com:tableflip/svs-mba.git fatal: Could not read from remote repository.
172 error git clone git@github.com:tableflip/svs-mba.git
172 error git clone git@github.com:tableflip/svs-mba.git Please make sure you have the correct access rights
172 error git clone git@github.com:tableflip/svs-mba.git and the repository exists.
173 silly lockFile 606ccad4-github-com-tableflip-svs-mba-git git@github.com:tableflip/svs-mba.git
174 silly lockFile 606ccad4-github-com-tableflip-svs-mba-git git@github.com:tableflip/svs-mba.git
175 error Error: Command failed: Cloning into bare repository '/home/kartwheel/.npm/_git-remotes/git-github-com-tableflip-svs-mba-git-606ccad4'...
175 error Permission denied (publickey).
175 error fatal: Could not read from remote repository.
175 error
175 error Please make sure you have the correct access rights
175 error and the repository exists.
175 error
175 error     at ChildProcess.exithandler (child_process.js:647:15)
175 error     at ChildProcess.EventEmitter.emit (events.js:98:17)
175 error     at maybeClose (child_process.js:753:16)
175 error     at Socket.<anonymous> (child_process.js:966:11)
175 error     at Socket.EventEmitter.emit (events.js:95:17)
175 error     at Pipe.close (net.js:465:12)
176 error If you need help, you may report this *entire* log,
176 error including the npm and node versions, at:
176 error     <http://github.com/npm/npm/issues>
177 error System Linux 4.2.0-19-generic
178 error command "/usr/local/bin/node" "/usr/local/bin/npm" "link"
179 error cwd /home/kartwheel/Documents/svs-code/svs-mock-servers
180 error node -v v0.10.28
181 error npm -v 1.4.9
182 error code 128
183 verbose exit [ 1, true ]
